Arguments: 
  C:\Program Files\nodejs\node.exe C:\Users\Tulio\AppData\Roaming\npm\node_modules\yarn\bin\yarn.js add @babel-core @babel/preset-env @babel/preset-react webpack webpack-cli

PATH: 
  C:\Users\Tulio\Downloads\cmder\vendor\bin;C:\Users\Tulio\Downloads\cmder\vendor\git-for-windows\cmd;C:\Users\Tulio\Downloads\cmder\vendor\conemu-maximus5\ConEmu\Scripts;C:\Users\Tulio\Downloads\cmder\vendor\conemu-maximus5;C:\Users\Tulio\Downloads\cmder\vendor\conemu-maximus5\ConEmu;C:\Program Files (x86)\Common Files\Oracle\Java\javapath;C:\ProgramData\Oracle\Java\javapath;C:\Program Files (x86)\Intel\iCLS Client\;C:\Program Files\Intel\iCLS Client\;C:\Windows\system32;C:\Windows;C:\Windows\System32\Wbem;C:\Windows\System32\WindowsPowerShell\v1.0\;C:\Program Files\Intel\Intel(R) Management Engine Components\DAL;C:\Program Files (x86)\Intel\Intel(R) Management Engine Components\DAL;C:\Program Files\Intel\Intel(R) Management Engine Components\IPT;C:\Program Files (x86)\Intel\Intel(R) Management Engine Components\IPT;C:\wamp\bin\php\php5.5.12;C:\Program Files (x86)\NVIDIA Corporation\PhysX\Common;C:\xampp\php;C:\Users\Tulio\AppData\Roaming\Composer\vendor\bin;C:\Program Files (x86)\sqlite3;C:\WINDOWS\system32;C:\WINDOWS;C:\WINDOWS\System32\Wbem;C:\WINDOWS\System32\WindowsPowerShell\v1.0\;C:\WINDOWS\System32\OpenSSH\;C:\composer;C:\ProgramData\chocolatey\bin;C:\Program Files\nodejs\;C:\Users\Tulio\AppData\Local\Programs\Python\Python39\Scripts\;C:\Users\Tulio\AppData\Local\Programs\Python\Python39\;C:\Users\Tulio\AppData\Local\Programs\Python\Python39\Scripts\;C:\Users\Tulio\AppData\Local\Programs\Python\Python39\;C:\Users\Tulio\AppData\Local\Programs\Python\Launcher\;C:\Users\Tulio\AppData\Local\Microsoft\WindowsApps;C:\Users\Tulio\AppData\Roaming\Dashlane\4.6.6.23032\bin\Firefox_Extension\{442718d9-475e-452a-b3e1-fb1ee16b8e9f}\components;C:\Users\Tulio\AppData\Roaming\Dashlane\4.6.8.25848\bin\Firefox_Extension\{442718d9-475e-452a-b3e1-fb1ee16b8e9f}\components;C:\Users\Tulio\AppData\Roaming\npm;C:\Users\Tulio\AppData\Local\Programs\Microsoft VS Code\bin;C:\Users\Tulio\AppData\Local\GitHubDesktop\bin;C:\Program Files\heroku\bin;C:\Users\Tulio\Downloads\cmder\vendor\git-for-windows\mingw64\bin;C:\Users\Tulio\Downloads\cmder\vendor\git-for-windows\usr\bin;C:\Users\Tulio\Downloads\cmder

Yarn version: 
  1.22.10

Node version: 
  12.19.0

Platform: 
  win32 x64

Trace: 
  Error: https://registry.yarnpkg.com/@babel-core: Request "https://registry.yarnpkg.com/@babel-core" returned a 405
      at Request.params.callback [as _callback] (C:\Users\Tulio\AppData\Roaming\npm\node_modules\yarn\lib\cli.js:66997:18)
      at Request.self.callback (C:\Users\Tulio\AppData\Roaming\npm\node_modules\yarn\lib\cli.js:140662:22)
      at Request.emit (events.js:314:20)
      at Request.<anonymous> (C:\Users\Tulio\AppData\Roaming\npm\node_modules\yarn\lib\cli.js:141634:10)
      at Request.emit (events.js:314:20)
      at IncomingMessage.<anonymous> (C:\Users\Tulio\AppData\Roaming\npm\node_modules\yarn\lib\cli.js:141556:12)
      at Object.onceWrapper (events.js:420:28)
      at IncomingMessage.emit (events.js:326:22)
      at endReadableNT (_stream_readable.js:1223:12)
      at processTicksAndRejections (internal/process/task_queues.js:84:21)

npm manifest: 
  {
    "name": "frontend",
    "version": "1.0.0",
    "main": "index.js",
    "license": "MIT",
    "dependencies": {
      "react": "^17.0.1",
      "react-dom": "^17.0.1"
    }
  }

yarn manifest: 
  No manifest

Lockfile: 
  # THIS IS AN AUTOGENERATED FILE. DO NOT EDIT THIS FILE DIRECTLY.
  # yarn lockfile v1
  
  
  "js-tokens@^3.0.0 || ^4.0.0":
    version "4.0.0"
    resolved "https://registry.yarnpkg.com/js-tokens/-/js-tokens-4.0.0.tgz#19203fb59991df98e3a287050d4647cdeaf32499"
    integrity sha512-RdJUflcE3cUzKiMqQgsCu06FPu9UdIJO0beYbPhHN4k6apgJtifcoCtT9bcxOpYBtpD2kCM6Sbzg4CausW/PKQ==
  
  loose-envify@^1.1.0:
    version "1.4.0"
    resolved "https://registry.yarnpkg.com/loose-envify/-/loose-envify-1.4.0.tgz#71ee51fa7be4caec1a63839f7e682d8132d30caf"
    integrity sha512-lyuxPGr/Wfhrlem2CL/UcnUc1zcqKAImBDzukY7Y5F/yQiNdko6+fRLevlw1HgMySw7f611UIY408EtxRSoK3Q==
    dependencies:
      js-tokens "^3.0.0 || ^4.0.0"
  
  object-assign@^4.1.1:
    version "4.1.1"
    resolved "https://registry.yarnpkg.com/object-assign/-/object-assign-4.1.1.tgz#2109adc7965887cfc05cbbd442cac8bfbb360863"
    integrity sha1-IQmtx5ZYh8/AXLvUQsrIv7s2CGM=
  
  react-dom@^17.0.1:
    version "17.0.1"
    resolved "https://registry.yarnpkg.com/react-dom/-/react-dom-17.0.1.tgz#1de2560474ec9f0e334285662ede52dbc5426fc6"
    integrity sha512-6eV150oJZ9U2t9svnsspTMrWNyHc6chX0KzDeAOXftRa8bNeOKTTfCJ7KorIwenkHd2xqVTBTCZd79yk/lx/Ug==
    dependencies:
      loose-envify "^1.1.0"
      object-assign "^4.1.1"
      scheduler "^0.20.1"
  
  react@^17.0.1:
    version "17.0.1"
    resolved "https://registry.yarnpkg.com/react/-/react-17.0.1.tgz#6e0600416bd57574e3f86d92edba3d9008726127"
    integrity sha512-lG9c9UuMHdcAexXtigOZLX8exLWkW0Ku29qPRU8uhF2R9BN96dLCt0psvzPLlHc5OWkgymP3qwTRgbnw5BKx3w==
    dependencies:
      loose-envify "^1.1.0"
      object-assign "^4.1.1"
  
  scheduler@^0.20.1:
    version "0.20.1"
    resolved "https://registry.yarnpkg.com/scheduler/-/scheduler-0.20.1.tgz#da0b907e24026b01181ecbc75efdc7f27b5a000c"
    integrity sha512-LKTe+2xNJBNxu/QhHvDR14wUXHRQbVY5ZOYpOGWRzhydZUqrLb2JBvLPY7cAqFmqrWuDED0Mjk7013SZiOz6Bw==
    dependencies:
      loose-envify "^1.1.0"
      object-assign "^4.1.1"
